
[INFO] - 2016-11-27 16:43:33,287 - com.omicseq.store.cache.XMemcachedProvider#94
 - memcached client is initialized successfully

[ERROR] - 2016-11-27 16:45:07,067 - com.omicseq.store.cache.XMemcachedProvider#151
 - exception happen 
java.util.ConcurrentModificationException: null
	at java.util.ArrayList.writeObject(ArrayList.java:766) ~[na:1.8.0_111]
	at sun.reflect.NativeMethodAccessorImpl.invoke0(Native Method) ~[na:1.8.0_111]
	at sun.reflect.NativeMethodAccessorImpl.invoke(NativeMethodAccessorImpl.java:62) ~[na:1.8.0_111]
	at sun.reflect.DelegatingMethodAccessorImpl.invoke(DelegatingMethodAccessorImpl.java:43) ~[na:1.8.0_111]
	at java.lang.reflect.Method.invoke(Method.java:498) ~[na:1.8.0_111]
	at java.io.ObjectStreamClass.invokeWriteObject(ObjectStreamClass.java:1028) ~[na:1.8.0_111]
	at java.io.ObjectOutputStream.writeSerialData(ObjectOutputStream.java:1496) ~[na:1.8.0_111]
	at java.io.ObjectOutputStream.writeOrdinaryObject(ObjectOutputStream.java:1432) ~[na:1.8.0_111]
	at java.io.ObjectOutputStream.writeObject0(ObjectOutputStream.java:1178) ~[na:1.8.0_111]
	at java.io.ObjectOutputStream.writeObject(ObjectOutputStream.java:348) ~[na:1.8.0_111]
	at net.rubyeye.xmemcached.transcoders.BaseSerializingTranscoder.serialize(BaseSerializingTranscoder.java:75) ~[xmemcached-1.4.2.jar:na]
	at net.rubyeye.xmemcached.transcoders.SerializingTranscoder.encode(SerializingTranscoder.java:202) ~[xmemcached-1.4.2.jar:na]
	at net.rubyeye.xmemcached.command.binary.BaseBinaryCommand.encode(BaseBinaryCommand.java:342) ~[xmemcached-1.4.2.jar:na]
	at net.rubyeye.xmemcached.impl.MemcachedTCPSession.wrapMessage(MemcachedTCPSession.java:173) ~[xmemcached-1.4.2.jar:na]
	at com.google.code.yanf4j.core.impl.AbstractSession.write(AbstractSession.java:381) ~[xmemcached-1.4.2.jar:na]
	at net.rubyeye.xmemcached.impl.MemcachedConnector.send(MemcachedConnector.java:516) ~[xmemcached-1.4.2.jar:na]
	at net.rubyeye.xmemcached.XMemcachedClient.sendCommand(XMemcachedClient.java:315) ~[xmemcached-1.4.2.jar:na]
	at net.rubyeye.xmemcached.XMemcachedClient.sendStoreCommand(XMemcachedClient.java:2494) ~[xmemcached-1.4.2.jar:na]
	at net.rubyeye.xmemcached.XMemcachedClient.set(XMemcachedClient.java:1340) ~[xmemcached-1.4.2.jar:na]
	at net.rubyeye.xmemcached.XMemcachedClient.set(XMemcachedClient.java:1398) ~[xmemcached-1.4.2.jar:na]
	at net.rubyeye.xmemcached.XMemcachedClient.set(XMemcachedClient.java:1385) ~[xmemcached-1.4.2.jar:na]
	at com.omicseq.store.cache.XMemcachedProvider.set(XMemcachedProvider.java:135) [classes/:na]
	at com.omicseq.store.cache.XMemcachedProvider.set(XMemcachedProvider.java:121) [classes/:na]
	at com.omicseq.store.cache.XMemcachedProvider$2.call(XMemcachedProvider.java:339) [classes/:na]
	at com.omicseq.store.cache.XMemcachedProvider$2.call(XMemcachedProvider.java:335) [classes/:na]
	at java.util.concurrent.FutureTask.run(FutureTask.java:266) [na:1.8.0_111]
	at java.util.concurrent.Executors$RunnableAdapter.call(Executors.java:511) [na:1.8.0_111]
	at java.util.concurrent.FutureTask.run(FutureTask.java:266) [na:1.8.0_111]
	at java.util.concurrent.ThreadPoolExecutor.runWorker(ThreadPoolExecutor.java:1142) [na:1.8.0_111]
	at java.util.concurrent.ThreadPoolExecutor$Worker.run(ThreadPoolExecutor.java:617) [na:1.8.0_111]
	at java.lang.Thread.run(Thread.java:745) [na:1.8.0_111]
